#
# There is insufficient memory for the Java Runtime Environment to continue.
# Native memory allocation (malloc) failed to allocate 726416 bytes for Chunk::new
# Possible reasons:
#   The system is out of physical RAM or swap space
#   In 32 bit mode, the process size limit was hit
# Possible solutions:
#   Reduce memory load on the system
#   Increase physical memory or swap space
#   Check if swap backing store is full
#   Use 64 bit Java on a 64 bit OS
#   Decrease Java heap size (-Xmx/-Xms)
#   Decrease number of Java threads
#   Decrease Java thread stack sizes (-Xss)
#   Set larger code cache with -XX:ReservedCodeCacheSize=
# This output file may be truncated or incomplete.
#
#  Out of Memory Error (allocation.cpp:390), pid=16488, tid=9396
#
# JRE version: Java(TM) SE Runtime Environment (8.0_25-b18) (build 1.8.0_25-b18)
# Java VM: Java HotSpot(TM) 64-Bit Server VM (25.25-b02 mixed mode windows-amd64 compressed oops)
# Failed to write core dump. Minidumps are not enabled by default on client versions of Windows
#

---------------  T H R E A D  ---------------

Current thread (0x0000000019b15000):  JavaThread "C2 CompilerThread0" daemon [_thread_in_native, id=9396, stack(0x000000001b520000,0x000000001b620000)]

Stack: [0x000000001b520000,0x000000001b620000]
Native frames: (J=compiled Java code, j=interpreted, Vv=VM code, C=native code)
V  [jvm.dll+0x31667a]
V  [jvm.dll+0x267073]
V  [jvm.dll+0x267cb3]
V  [jvm.dll+0x25f5b5]
V  [jvm.dll+0xbf165]
V  [jvm.dll+0xbf60c]
V  [jvm.dll+0x478fbc]
V  [jvm.dll+0x4462a4]
V  [jvm.dll+0x45130e]
V  [jvm.dll+0x4538f8]
V  [jvm.dll+0x437372]
V  [jvm.dll+0x98a02]
V  [jvm.dll+0x991f3]
V  [jvm.dll+0x22bde4]
V  [jvm.dll+0x2852fa]
C  [msvcr100.dll+0x21d9f]
C  [msvcr100.dll+0x21e3b]
C  [KERNEL32.DLL+0x17bd4]
C  [ntdll.dll+0x6ced1]


Current CompileTask:
C2:   9313 3132       4       org.springframework.core.ResolvableType::as (81 bytes)


---------------  P R O C E S S  ---------------

Java Threads: ( => current thread )
  0x000000001aea0800 JavaThread "Service Thread" daemon [_thread_blocked, id=13076, stack(0x000000001b820000,0x000000001b920000)]
  0x0000000019b2e800 JavaThread "C1 CompilerThread2" daemon [_thread_in_native, id=5024, stack(0x000000001b720000,0x000000001b820000)]
  0x0000000019b2d800 JavaThread "C2 CompilerThread1" daemon [_thread_in_native, id=15956, stack(0x000000001b620000,0x000000001b720000)]
=>0x0000000019b15000 JavaThread "C2 CompilerThread0" daemon [_thread_in_native, id=9396, stack(0x000000001b520000,0x000000001b620000)]
  0x0000000019ae2800 JavaThread "Monitor Ctrl-Break" daemon [_thread_in_native, id=17048, stack(0x000000001b420000,0x000000001b520000)]
  0x000000001ae62800 JavaThread "Attach Listener" daemon [_thread_blocked, id=4924, stack(0x000000001b320000,0x000000001b420000)]
  0x0000000019acc000 JavaThread "Signal Dispatcher" daemon [_thread_blocked, id=10300, stack(0x000000001b220000,0x000000001b320000)]
  0x0000000002c23800 JavaThread "Finalizer" daemon [_thread_blocked, id=16688, stack(0x000000001ad20000,0x000000001ae20000)]
  0x0000000002c1f800 JavaThread "Reference Handler" daemon [_thread_blocked, id=8, stack(0x000000001ac20000,0x000000001ad20000)]
  0x0000000002b36800 JavaThread "main" [_thread_in_vm, id=14860, stack(0x0000000002930000,0x0000000002a30000)]

Other Threads:
  0x0000000019a95800 VMThread [stack: 0x000000001ab20000,0x000000001ac20000] [id=17140]
  0x000000001aeab000 WatcherThread [stack: 0x000000001b920000,0x000000001ba20000] [id=1020]

VM state:not at safepoint (normal execution)

VM Mutex/Monitor currently owned by a thread: None

Heap:
 PSYoungGen      total 97792K, used 51279K [0x0000000781a00000, 0x0000000788c00000, 0x00000007c0000000)
  eden space 96256K, 51% used [0x0000000781a00000,0x0000000784a93d28,0x0000000787800000)
  from space 1536K, 100% used [0x0000000788180000,0x0000000788300000,0x0000000788300000)
  to   space 9728K, 0% used [0x0000000787800000,0x0000000787800000,0x0000000788180000)
 ParOldGen       total 83456K, used 13185K [0x0000000704e00000, 0x0000000709f80000, 0x0000000781a00000)
  object space 83456K, 15% used [0x0000000704e00000,0x0000000705ae0638,0x0000000709f80000)
 Metaspace       used 30087K, capacity 30468K, committed 30848K, reserved 1077248K
  class space    used 3753K, capacity 3846K, committed 3968K, reserved 1048576K

Card table byte_map: [0x0000000011ff0000,0x00000000125d0000] byte_map_base: 0x000000000e7c9000

Marking Bits: (ParMarkBitMap*) 0x000000006a27d490
 Begin Bits: [0x0000000012dc0000, 0x0000000015c88000)
 End Bits:   [0x0000000015c88000, 0x0000000018b50000)

Polling page: 0x00000000003f0000

CodeCache: size=245760Kb used=11205Kb max_used=11213Kb free=234554Kb
 bounds [0x0000000002c30000, 0x0000000003730000, 0x0000000011c30000]
 total_blobs=3520 nmethods=3106 adapters=327
 compilation: enabled

Compilation events (10 events):
Event: 9.268 Thread 0x0000000019b2e800 nmethod 3381 0x0000000003717850 code [0x00000000037179a0, 0x0000000003717af0]
Event: 9.268 Thread 0x0000000019b2e800 3382       2       java.util.regex.ASCII::isAlpha (8 bytes)
Event: 9.268 Thread 0x0000000019b2e800 nmethod 3382 0x0000000003717b50 code [0x0000000003717ca0, 0x0000000003717e30]
Event: 9.274 Thread 0x0000000019b2e800 3383       2       org.springframework.util.StringUtils::tokenizeToStringArray (83 bytes)
Event: 9.275 Thread 0x0000000019b2e800 nmethod 3383 0x0000000003717f50 code [0x0000000003718120, 0x00000000037186d8]
Event: 9.281 Thread 0x0000000019b2e800 3384       2       java.util.regex.Pattern::nextEscaped (19 bytes)
Event: 9.281 Thread 0x0000000019b2e800 nmethod 3384 0x0000000003718c10 code [0x0000000003718d60, 0x0000000003718ed0]
Event: 9.281 Thread 0x0000000019b2e800 3385       2       java.util.regex.Pattern::unread (11 bytes)
Event: 9.281 Thread 0x0000000019b2e800 nmethod 3385 0x0000000003718fd0 code [0x0000000003719120, 0x0000000003719270]
Event: 9.281 Thread 0x0000000019b2e800 3386       2       java.util.regex.Matcher::appendReplacement (571 bytes)

GC Heap History (10 events):
Event: 5.020 GC heap before
{Heap before GC invocations=5 (full 0):
 PSYoungGen      total 56320K, used 40376K [0x0000000781a00000, 0x0000000785880000, 0x00000007c0000000)
  eden space 48640K, 67% used [0x0000000781a00000,0x0000000783a1d2b0,0x0000000784980000)
  from space 7680K, 97% used [0x0000000785100000,0x0000000785850e30,0x0000000785880000)
  to   space 7680K, 0% used [0x0000000784980000,0x0000000784980000,0x0000000785100000)
 ParOldGen       total 128512K, used 104K [0x0000000704e00000, 0x000000070cb80000, 0x0000000781a00000)
  object space 128512K, 0% used [0x0000000704e00000,0x0000000704e1a010,0x000000070cb80000)
 Metaspace       used 20903K, capacity 21136K, committed 21296K, reserved 1069056K
  class space    used 2568K, capacity 2607K, committed 2688K, reserved 1048576K
Event: 5.030 GC heap after
Heap after GC invocations=5 (full 0):
 PSYoungGen      total 56320K, used 6930K [0x0000000781a00000, 0x0000000788a00000, 0x00000007c0000000)
  eden space 48640K, 0% used [0x0000000781a00000,0x0000000781a00000,0x0000000784980000)
  from space 7680K, 90% used [0x0000000784980000,0x0000000785044b78,0x0000000785100000)
  to   space 8704K, 0% used [0x0000000788180000,0x0000000788180000,0x0000000788a00000)
 ParOldGen       total 128512K, used 112K [0x0000000704e00000, 0x000000070cb80000, 0x0000000781a00000)
  object space 128512K, 0% used [0x0000000704e00000,0x0000000704e1c010,0x000000070cb80000)
 Metaspace       used 20903K, capacity 21136K, committed 21296K, reserved 1069056K
  class space    used 2568K, capacity 2607K, committed 2688K, reserved 1048576K
}
Event: 5.030 GC heap before
{Heap before GC invocations=6 (full 1):
 PSYoungGen      total 56320K, used 6930K [0x0000000781a00000, 0x0000000788a00000, 0x00000007c0000000)
  eden space 48640K, 0% used [0x0000000781a00000,0x0000000781a00000,0x0000000784980000)
  from space 7680K, 90% used [0x0000000784980000,0x0000000785044b78,0x0000000785100000)
  to   space 8704K, 0% used [0x0000000788180000,0x0000000788180000,0x0000000788a00000)
 ParOldGen       total 128512K, used 112K [0x0000000704e00000, 0x000000070cb80000, 0x0000000781a00000)
  object space 128512K, 0% used [0x0000000704e00000,0x0000000704e1c010,0x000000070cb80000)
 Metaspace       used 20903K, capacity 21136K, committed 21296K, reserved 1069056K
  class space    used 2568K, capacity 2607K, committed 2688K, reserved 1048576K
Event: 5.105 GC heap after
Heap after GC invocations=6 (full 1):
 PSYoungGen      total 56320K, used 0K [0x0000000781a00000, 0x0000000788a00000, 0x00000007c0000000)
  eden space 48640K, 0% used [0x0000000781a00000,0x0000000781a00000,0x0000000784980000)
  from space 7680K, 0% used [0x0000000784980000,0x0000000784980000,0x0000000785100000)
  to   space 8704K, 0% used [0x0000000788180000,0x0000000788180000,0x0000000788a00000)
 ParOldGen       total 83456K, used 6866K [0x0000000704e00000, 0x0000000709f80000, 0x0000000781a00000)
  object space 83456K, 8% used [0x0000000704e00000,0x00000007054b4bb0,0x0000000709f80000)
 Metaspace       used 20902K, capacity 21134K, committed 21296K, reserved 1069056K
  class space    used 2567K, capacity 2606K, committed 2688K, reserved 1048576K
}
Event: 5.734 GC heap before
{Heap before GC invocations=7 (full 1):
 PSYoungGen      total 56320K, used 48640K [0x0000000781a00000, 0x0000000788a00000, 0x00000007c0000000)
  eden space 48640K, 100% used [0x0000000781a00000,0x0000000784980000,0x0000000784980000)
  from space 7680K, 0% used [0x0000000784980000,0x0000000784980000,0x0000000785100000)
  to   space 8704K, 0% used [0x0000000788180000,0x0000000788180000,0x0000000788a00000)
 ParOldGen       total 83456K, used 6866K [0x0000000704e00000, 0x0000000709f80000, 0x0000000781a00000)
  object space 83456K, 8% used [0x0000000704e00000,0x00000007054b4bb0,0x0000000709f80000)
 Metaspace       used 21515K, capacity 21854K, committed 22192K, reserved 1069056K
  class space    used 2648K, capacity 2738K, committed 2816K, reserved 1048576K
Event: 5.741 GC heap after
Heap after GC invocations=7 (full 1):
 PSYoungGen      total 71168K, used 1519K [0x0000000781a00000, 0x0000000788300000, 0x00000007c0000000)
  eden space 69632K, 0% used [0x0000000781a00000,0x0000000781a00000,0x0000000785e00000)
  from space 1536K, 98% used [0x0000000788180000,0x00000007882fbc10,0x0000000788300000)
  to   space 9216K, 0% used [0x0000000787100000,0x0000000787100000,0x0000000787a00000)
 ParOldGen       total 83456K, used 6866K [0x0000000704e00000, 0x0000000709f80000, 0x0000000781a00000)
  object space 83456K, 8% used [0x0000000704e00000,0x00000007054b4bb0,0x0000000709f80000)
 Metaspace       used 21515K, capacity 21854K, committed 22192K, reserved 1069056K
  class space    used 2648K, capacity 2738K, committed 2816K, reserved 1048576K
}
Event: 6.776 GC heap before
{Heap before GC invocations=8 (full 1):
 PSYoungGen      total 71168K, used 71151K [0x0000000781a00000, 0x0000000788300000, 0x00000007c0000000)
  eden space 69632K, 100% used [0x0000000781a00000,0x0000000785e00000,0x0000000785e00000)
  from space 1536K, 98% used [0x0000000788180000,0x00000007882fbc10,0x0000000788300000)
  to   space 9216K, 0% used [0x0000000787100000,0x0000000787100000,0x0000000787a00000)
 ParOldGen       total 83456K, used 6866K [0x0000000704e00000, 0x0000000709f80000, 0x0000000781a00000)
  object space 83456K, 8% used [0x0000000704e00000,0x00000007054b4bb0,0x0000000709f80000)
 Metaspace       used 24463K, capacity 24848K, committed 24960K, reserved 1071104K
  class space    used 3037K, capacity 3129K, committed 3200K, reserved 1048576K
Event: 6.787 GC heap after
Heap after GC invocations=8 (full 1):
 PSYoungGen      total 78848K, used 4662K [0x0000000781a00000, 0x0000000788300000, 0x00000007c0000000)
  eden space 69632K, 0% used [0x0000000781a00000,0x0000000781a00000,0x0000000785e00000)
  from space 9216K, 50% used [0x0000000787100000,0x000000078758d9a0,0x0000000787a00000)
  to   space 1536K, 0% used [0x0000000788180000,0x0000000788180000,0x0000000788300000)
 ParOldGen       total 83456K, used 6874K [0x0000000704e00000, 0x0000000709f80000, 0x0000000781a00000)
  object space 83456K, 8% used [0x0000000704e00000,0x00000007054b6bb0,0x0000000709f80000)
 Metaspace       used 24463K, capacity 24848K, committed 24960K, reserved 1071104K
  class space    used 3037K, capacity 3129K, committed 3200K, reserved 1048576K
}
Event: 8.635 GC heap before
{Heap before GC invocations=9 (full 1):
 PSYoungGen      total 78848K, used 74294K [0x0000000781a00000, 0x0000000788300000, 0x00000007c0000000)
  eden space 69632K, 100% used [0x0000000781a00000,0x0000000785e00000,0x0000000785e00000)
  from space 9216K, 50% used [0x0000000787100000,0x000000078758d9a0,0x0000000787a00000)
  to   space 1536K, 0% used [0x0000000788180000,0x0000000788180000,0x0000000788300000)
 ParOldGen       total 83456K, used 6874K [0x0000000704e00000, 0x0000000709f80000, 0x0000000781a00000)
  object space 83456K, 8% used [0x0000000704e00000,0x00000007054b6bb0,0x0000000709f80000)
 Metaspace       used 28431K, capacity 28812K, committed 29056K, reserved 1075200K
  class space    used 3584K, capacity 3680K, committed 3712K, reserved 1048576K
Event: 8.646 GC heap after
Heap after GC invocations=9 (full 1):
 PSYoungGen      total 97792K, used 1536K [0x0000000781a00000, 0x0000000788c00000, 0x00000007c0000000)
  eden space 96256K, 0% used [0x0000000781a00000,0x0000000781a00000,0x0000000787800000)
  from space 1536K, 100% used [0x0000000788180000,0x0000000788300000,0x0000000788300000)
  to   space 9728K, 0% used [0x0000000787800000,0x0000000787800000,0x0000000788180000)
 ParOldGen       total 83456K, used 13185K [0x0000000704e00000, 0x0000000709f80000, 0x0000000781a00000)
  object space 83456K, 15% used [0x0000000704e00000,0x0000000705ae0638,0x0000000709f80000)
 Metaspace       used 28431K, capacity 28812K, committed 29056K, reserved 1075200K
  class space    used 3584K, capacity 3680K, committed 3712K, reserved 1048576K
}

Deoptimization events (10 events):
Event: 7.217 Thread 0x0000000002b36800 Uncommon trap: reason=class_check action=maybe_recompile pc=0x0000000002fe4cdc method=java.util.regex.Pattern$CharProperty$1.isSatisfiedBy(I)Z @ 5
Event: 7.217 Thread 0x0000000002b36800 Uncommon trap: reason=class_check action=maybe_recompile pc=0x0000000002fe4cdc method=java.util.regex.Pattern$CharProperty$1.isSatisfiedBy(I)Z @ 5
Event: 7.217 Thread 0x0000000002b36800 Uncommon trap: reason=class_check action=maybe_recompile pc=0x0000000002fe4cdc method=java.util.regex.Pattern$CharProperty$1.isSatisfiedBy(I)Z @ 5
Event: 7.217 Thread 0x0000000002b36800 Uncommon trap: reason=class_check action=maybe_recompile pc=0x0000000002fe4cdc method=java.util.regex.Pattern$CharProperty$1.isSatisfiedBy(I)Z @ 5
Event: 8.497 Thread 0x0000000002b36800 Uncommon trap: reason=unreached action=reinterpret pc=0x00000000032bfa9c method=java.lang.reflect.Method.equals(Ljava/lang/Object;)Z @ 1
Event: 8.540 Thread 0x0000000002b36800 Uncommon trap: reason=class_check action=maybe_recompile pc=0x00000000035c8c14 method=java.lang.reflect.Array.newInstance(Ljava/lang/Class;I)Ljava/lang/Object; @ 2
Event: 8.541 Thread 0x0000000002b36800 Uncommon trap: reason=class_check action=maybe_recompile pc=0x00000000035c8c14 method=java.lang.reflect.Array.newInstance(Ljava/lang/Class;I)Ljava/lang/Object; @ 2
Event: 8.765 Thread 0x0000000002b36800 Uncommon trap: reason=bimorphic action=maybe_recompile pc=0x00000000035f2cd4 method=java.util.concurrent.ConcurrentHashMap.putVal(Ljava/lang/Object;Ljava/lang/Object;Z)Ljava/lang/Object; @ 192
Event: 8.767 Thread 0x0000000002b36800 Uncommon trap: reason=unreached action=reinterpret pc=0x00000000036450c4 method=java.lang.Class.searchMethods([Ljava/lang/reflect/Method;Ljava/lang/String;[Ljava/lang/Class;)Ljava/lang/reflect/Method; @ 47
Event: 8.961 Thread 0x0000000002b36800 Uncommon trap: reason=unreached action=reinterpret pc=0x0000000003053674 method=java.util.HashMap.resize()[Ljava/util/HashMap$Node; @ 206

Internal exceptions (10 events):
Event: 9.276 Thread 0x0000000002b36800 Exception <a 'java/security/PrivilegedActionException'> (0x0000000784969470) thrown at [D:\re\workspace\8-2-build-windows-amd64-cygwin\jdk8u25\1677\hotspot\src\share\vm\prims\jvm.cpp, line 1312]
Event: 9.277 Thread 0x0000000002b36800 Exception <a 'java/security/PrivilegedActionException'> (0x00000007849777c0) thrown at [D:\re\workspace\8-2-build-windows-amd64-cygwin\jdk8u25\1677\hotspot\src\share\vm\prims\jvm.cpp, line 1312]
Event: 9.277 Thread 0x0000000002b36800 Exception <a 'java/security/PrivilegedActionException'> (0x0000000784978e48) thrown at [D:\re\workspace\8-2-build-windows-amd64-cygwin\jdk8u25\1677\hotspot\src\share\vm\prims\jvm.cpp, line 1312]
Event: 9.277 Thread 0x0000000002b36800 Exception <a 'java/security/PrivilegedActionException'> (0x0000000784987198) thrown at [D:\re\workspace\8-2-build-windows-amd64-cygwin\jdk8u25\1677\hotspot\src\share\vm\prims\jvm.cpp, line 1312]
Event: 9.277 Thread 0x0000000002b36800 Exception <a 'java/lang/ClassNotFoundException': org/mybatis/spring/SqlSessionFactoryBeanBeanInfo> (0x0000000784987ba8) thrown at [D:\re\workspace\8-2-build-windows-amd64-cygwin\jdk8u25\1677\hotspot\src\share\vm\classfile\systemDictionary.cpp, line 202]
Event: 9.278 Thread 0x0000000002b36800 Exception <a 'java/security/PrivilegedActionException'> (0x00000007849893e0) thrown at [D:\re\workspace\8-2-build-windows-amd64-cygwin\jdk8u25\1677\hotspot\src\share\vm\prims\jvm.cpp, line 1312]
Event: 9.278 Thread 0x0000000002b36800 Exception <a 'java/security/PrivilegedActionException'> (0x00000007849977a0) thrown at [D:\re\workspace\8-2-build-windows-amd64-cygwin\jdk8u25\1677\hotspot\src\share\vm\prims\jvm.cpp, line 1312]
Event: 9.278 Thread 0x0000000002b36800 Exception <a 'java/security/PrivilegedActionException'> (0x0000000784998cc0) thrown at [D:\re\workspace\8-2-build-windows-amd64-cygwin\jdk8u25\1677\hotspot\src\share\vm\prims\jvm.cpp, line 1312]
Event: 9.280 Thread 0x0000000002b36800 Exception <a 'java/security/PrivilegedActionException'> (0x00000007849a7080) thrown at [D:\re\workspace\8-2-build-windows-amd64-cygwin\jdk8u25\1677\hotspot\src\share\vm\prims\jvm.cpp, line 1312]
Event: 9.280 Thread 0x0000000002b36800 Exception <a 'java/lang/ClassNotFoundException': org/mybatis/spring/SqlSessionFactoryBeanCustomizer> (0x00000007849a7a98) thrown at [D:\re\workspace\8-2-build-windows-amd64-cygwin\jdk8u25\1677\hotspot\src\share\vm\classfile\systemDictionary.cpp, line 202]

Events (10 events):
Event: 9.277 loading class org/mybatis/spring/SqlSessionFactoryBeanBeanInfo
Event: 9.277 loading class org/mybatis/spring/SqlSessionFactoryBeanBeanInfo done
Event: 9.277 loading class org/mybatis/spring/SqlSessionFactoryBeanBeanInfo
Event: 9.277 loading class org/mybatis/spring/SqlSessionFactoryBeanBeanInfo done
Event: 9.278 loading class org/mybatis/spring/SqlSessionFactoryBeanCustomizer
Event: 9.278 loading class org/mybatis/spring/SqlSessionFactoryBeanCustomizer done
Event: 9.278 loading class org/mybatis/spring/SqlSessionFactoryBeanCustomizer
Event: 9.278 loading class org/mybatis/spring/SqlSessionFactoryBeanCustomizer done
Event: 9.280 loading class org/mybatis/spring/SqlSessionFactoryBeanCustomizer
Event: 9.280 loading class org/mybatis/spring/SqlSessionFactoryBeanCustomizer done


Dynamic libraries:
0x00007ff61fd20000 - 0x00007ff61fd54000 	D:\java\jdk1.8.0_25\bin\java.exe
0x00007ff970b40000 - 0x00007ff970d30000 	C:\WINDOWS\SYSTEM32\ntdll.dll
0x00007ff96ecf0000 - 0x00007ff96eda2000 	C:\WINDOWS\System32\KERNEL32.DLL
0x00007ff96e330000 - 0x00007ff96e5d3000 	C:\WINDOWS\System32\KERNELBASE.dll
0x00007ff96eec0000 - 0x00007ff96ef63000 	C:\WINDOWS\System32\ADVAPI32.dll
0x00007ff96ea30000 - 0x00007ff96eace000 	C:\WINDOWS\System32\msvcrt.dll
0x00007ff96fce0000 - 0x00007ff96fd77000 	C:\WINDOWS\System32\sechost.dll
0x00007ff970290000 - 0x00007ff9703b0000 	C:\WINDOWS\System32\RPCRT4.dll
0x00007ff970410000 - 0x00007ff9705a4000 	C:\WINDOWS\System32\USER32.dll
0x00007ff96e0e0000 - 0x00007ff96e101000 	C:\WINDOWS\System32\win32u.dll
0x00007ff96f4d0000 - 0x00007ff96f4f6000 	C:\WINDOWS\System32\GDI32.dll
0x00007ff96e860000 - 0x00007ff96e9f4000 	C:\WINDOWS\System32\gdi32full.dll
0x00007ff96e160000 - 0x00007ff96e1fe000 	C:\WINDOWS\System32\msvcp_win.dll
0x00007ff96e230000 - 0x00007ff96e32a000 	C:\WINDOWS\System32\ucrtbase.dll
0x00007ff95f370000 - 0x00007ff95f5f5000 	C:\WINDOWS\WinSxS\amd64_microsoft.windows.common-controls_6595b64144ccf1df_6.0.18362.657_none_e6c5b579130e3898\COMCTL32.dll
0x00007ff96fe00000 - 0x00007ff970136000 	C:\WINDOWS\System32\combase.dll
0x00007ff96e730000 - 0x00007ff96e7b0000 	C:\WINDOWS\System32\bcryptPrimitives.dll
0x00007ff970260000 - 0x00007ff97028e000 	C:\WINDOWS\System32\IMM32.DLL
0x000000006bfe0000 - 0x000000006c0b2000 	D:\java\jdk1.8.0_25\jre\bin\msvcr100.dll
0x0000000069aa0000 - 0x000000006a2fa000 	D:\java\jdk1.8.0_25\jre\bin\server\jvm.dll
0x00007ff96d930000 - 0x00007ff96d954000 	C:\WINDOWS\System32\WINMM.dll
0x00007ff96d740000 - 0x00007ff96d76d000 	C:\WINDOWS\System32\WINMMBASE.dll
0x00007ff96e110000 - 0x00007ff96e15a000 	C:\WINDOWS\System32\cfgmgr32.dll
0x00007ff96fbf0000 - 0x00007ff96fbf8000 	C:\WINDOWS\System32\PSAPI.DLL
0x00007ff958cd0000 - 0x00007ff958cd9000 	C:\WINDOWS\SYSTEM32\WSOCK32.dll
0x00007ff9705b0000 - 0x00007ff97061f000 	C:\WINDOWS\System32\WS2_32.dll
0x000000006c3e0000 - 0x000000006c3ef000 	D:\java\jdk1.8.0_25\jre\bin\verify.dll
0x000000006c180000 - 0x000000006c1a8000 	D:\java\jdk1.8.0_25\jre\bin\java.dll
0x000000006c0f0000 - 0x000000006c113000 	D:\java\jdk1.8.0_25\jre\bin\instrument.dll
0x000000006c160000 - 0x000000006c176000 	D:\java\jdk1.8.0_25\jre\bin\zip.dll
0x00007ff96f500000 - 0x00007ff96fbe5000 	C:\WINDOWS\System32\SHELL32.dll
0x00007ff96ef70000 - 0x00007ff96f019000 	C:\WINDOWS\System32\shcore.dll
0x00007ff96d960000 - 0x00007ff96e0df000 	C:\WINDOWS\System32\windows.storage.dll
0x00007ff96d700000 - 0x00007ff96d71f000 	C:\WINDOWS\System32\profapi.dll
0x00007ff96e7b0000 - 0x00007ff96e7fa000 	C:\WINDOWS\System32\powrprof.dll
0x00007ff96d6f0000 - 0x00007ff96d700000 	C:\WINDOWS\System32\UMPDC.dll
0x00007ff9703b0000 - 0x00007ff970402000 	C:\WINDOWS\System32\shlwapi.dll
0x00007ff96d770000 - 0x00007ff96d781000 	C:\WINDOWS\System32\kernel.appcore.dll
0x00007ff96e200000 - 0x00007ff96e217000 	C:\WINDOWS\System32\cryptsp.dll
0x00007ff93aa20000 - 0x00007ff93aa3a000 	F:\JetBrains\IntelliJ IDEA 2019.2\bin\breakgen64.dll
0x000000006bfb0000 - 0x000000006bfca000 	D:\java\jdk1.8.0_25\jre\bin\net.dll
0x00007ff96cf30000 - 0x00007ff96cf97000 	C:\WINDOWS\system32\mswsock.dll
0x000000006bfa0000 - 0x000000006bfad000 	D:\java\jdk1.8.0_25\jre\bin\management.dll
0x00007ff958d30000 - 0x00007ff958d46000 	C:\WINDOWS\system32\napinsp.dll
0x00007ff958d10000 - 0x00007ff958d2a000 	C:\WINDOWS\system32\pnrpnsp.dll
0x00007ff96cc80000 - 0x00007ff96cd4a000 	C:\WINDOWS\SYSTEM32\DNSAPI.dll
0x00007ff970620000 - 0x00007ff970628000 	C:\WINDOWS\System32\NSI.dll
0x00007ff96cc40000 - 0x00007ff96cc7a000 	C:\WINDOWS\SYSTEM32\IPHLPAPI.DLL
0x00007ff958d00000 - 0x00007ff958d0e000 	C:\WINDOWS\System32\winrnr.dll
0x00007ff967020000 - 0x00007ff96703c000 	C:\WINDOWS\system32\NLAapi.dll
0x00007ff962b80000 - 0x00007ff962b95000 	C:\WINDOWS\system32\wshbth.dll
0x000000006cd00000 - 0x000000006cd26000 	C:\Program Files\Bonjour\mdnsNSP.dll
0x00007ff960290000 - 0x00007ff96029a000 	C:\Windows\System32\rasadhlp.dll
0x00007ff95dab0000 - 0x00007ff95db27000 	C:\WINDOWS\System32\fwpuclnt.dll
0x00007ff96ea00000 - 0x00007ff96ea26000 	C:\WINDOWS\System32\bcrypt.dll
0x000000006bf80000 - 0x000000006bf91000 	D:\java\jdk1.8.0_25\jre\bin\nio.dll
0x000000006bf50000 - 0x000000006bf74000 	D:\java\jdk1.8.0_25\jre\bin\sunec.dll
0x00007ff96caa0000 - 0x00007ff96cad3000 	C:\WINDOWS\system32\rsaenh.dll
0x00007ff96d5e0000 - 0x00007ff96d605000 	C:\WINDOWS\SYSTEM32\USERENV.dll
0x00007ff96d100000 - 0x00007ff96d10c000 	C:\WINDOWS\SYSTEM32\CRYPTBASE.dll
0x00007ff95df10000 - 0x00007ff95df26000 	C:\WINDOWS\SYSTEM32\dhcpcsvc6.DLL
0x00007ff95f200000 - 0x00007ff95f21c000 	C:\WINDOWS\SYSTEM32\dhcpcsvc.DLL
0x00007ff95e0b0000 - 0x00007ff95e2a4000 	C:\WINDOWS\SYSTEM32\dbghelp.dll

VM Arguments:
jvm_args: -ea -Didea.test.cyclic.buffer.size=1048576 -javaagent:F:\JetBrains\IntelliJ IDEA 2019.2\lib\idea_rt.jar=51844:F:\JetBrains\IntelliJ IDEA 2019.2\bin -Dfile.encoding=UTF-8 
java_command: com.intellij.rt.execution.junit.JUnitStarter -ideVersion5 -junit4 com.lhj.test.MyBatisTest,myBaitsXmlTest
java_class_path (initial): F:\JetBrains\IntelliJ IDEA 2019.2\lib\idea_rt.jar;F:\JetBrains\IntelliJ IDEA 2019.2\plugins\junit\lib\junit-rt.jar;F:\JetBrains\IntelliJ IDEA 2019.2\plugins\junit\lib\junit5-rt.jar;D:\java\jdk1.8.0_25\jre\lib\charsets.jar;D:\java\jdk1.8.0_25\jre\lib\deploy.jar;D:\java\jdk1.8.0_25\jre\lib\ext\access-bridge-64.jar;D:\java\jdk1.8.0_25\jre\lib\ext\cldrdata.jar;D:\java\jdk1.8.0_25\jre\lib\ext\dnsns.jar;D:\java\jdk1.8.0_25\jre\lib\ext\jaccess.jar;D:\java\jdk1.8.0_25\jre\lib\ext\jfxrt.jar;D:\java\jdk1.8.0_25\jre\lib\ext\localedata.jar;D:\java\jdk1.8.0_25\jre\lib\ext\nashorn.jar;D:\java\jdk1.8.0_25\jre\lib\ext\sunec.jar;D:\java\jdk1.8.0_25\jre\lib\ext\sunjce_provider.jar;D:\java\jdk1.8.0_25\jre\lib\ext\sunmscapi.jar;D:\java\jdk1.8.0_25\jre\lib\ext\sunpkcs11.jar;D:\java\jdk1.8.0_25\jre\lib\ext\zipfs.jar;D:\java\jdk1.8.0_25\jre\lib\javaws.jar;D:\java\jdk1.8.0_25\jre\lib\jce.jar;D:\java\jdk1.8.0_25\jre\lib\jfr.jar;D:\java\jdk1.8.0_25\jre\lib\jfxswt.jar;D:\java\jdk1.8.0_25\jre\lib\jsse.jar;D:\java\jdk1.8.0_25\jre\lib\management-agent.jar;D:\java\jdk1.8.0_25\jre\lib\plugin.jar;D:\java\jdk1.8.0_25\jre\lib\resources.jar;D:\java\jdk1.8.0_25\jre\lib\rt.jar;F:\lhj\git\lhj-blog\lhj-blog-manage\lhj-blog-api\target\test-classes;F:\lhj\git\lhj-blog\lhj-blog-manage\lhj-blog-api\target\classes;F:\lhj\git\lhj-blog\lhj-blog-manage\lhj-blog-mybatis\target\classes;F:\lhj\git\lhj-blog\lhj-blog-manage\lhj-blog-common\target\classes;C:\Users\T440\.m2\repository\org\mybatis\spring\boot\mybatis-spring-boot-starter\2.1.1\mybatis-spring-boot-starter-2.1.1.jar;C:\Users\T440\.m2\repository\org\mybatis\spring\boot\mybatis-spring-boot-autoconfigure\2.1.1\mybatis-spring-boot-autoconfigure-2.1.1.jar;C:\Users\T440\.m2\repository\org\mybatis\mybatis\3.5.3\mybatis-3.5.3.jar;C:\Users\T440\.m2\repository\org\mybatis\mybatis-spring\2.0.3\mybatis-spring-2.0.3.jar;F:\lhj\git\lhj-blog\lhj-blog-manage\lhj-blog-model\target\classes;F:\lhj\git\lhj-blog\lhj-blog-manage\lhj-blog-system\targe
Launcher Type: SUN_STANDARD

Environment Variables:
JAVA_HOME=D:\java\jdk1.8.0_25
CLASSPATH=.;D:\java\jdk1.8.0_25\lib;D:\java\jdk1.8.0_25\lib\tools.jar;
PATH=F:\JetBrains\IntelliJ IDEA 2019.2\jbr\\bin;F:\JetBrains\IntelliJ IDEA 2019.2\jbr\\bin\server;C:\Program Files (x86)\Windows Resource Kits\Tools\;E:\app\root\product\12.1.0\dbhome_1\bin;C:\ProgramData\Oracle\Java\javapath;C:\WINDOWS\system32;C:\WINDOWS;C:\WINDOWS\System32\Wbem;C:\WINDOWS\System32\WindowsPowerShell\v1.0\;C:\Program Files\Lenovo\Fingerprint Manager Pro\;D:\java\jdk1.8.0_25\bin\;D:\Program Files\MySQL\MySQL Server 5.5\bin;D:\Program Files\Microsoft SQL Server\120\Tools\Binn\;D:\Program Files\Microsoft SQL Server\Client SDK\ODBC\110\Tools\Binn\;D:\Program Files (x86)\Microsoft SQL Server\120\Tools\Binn\;D:\Program Files\Microsoft SQL Server\120\DTS\Binn\;D:\Program Files (x86)\Microsoft SQL Server\120\Tools\Binn\ManagementStudio\;D:\Program Files (x86)\Microsoft SQL Server\120\DTS\Binn\;D:\Program Files\TortoiseSVN\bin;C:\Program Files\wkhtmltopdf\bin;C:\WINDOWS\System32\OpenSSH\;C:\Program Files\Microsoft\Web Platform Installer\;F:\nodejs\;F:\nodejs\node_global\node_modules;F:\Git\cmd;C:\Users\T440\AppData\Local\Microsoft\WindowsApps;F:\nodejs\node_global;
USERNAME=T440
OS=Windows_NT
PROCESSOR_IDENTIFIER=Intel64 Family 6 Model 69 Stepping 1, GenuineIntel



---------------  S Y S T E M  ---------------

OS: Windows 8.1 , 64 bit Build 9600 

CPU:total 4 (2 cores per cpu, 2 threads per core) family 6 model 69 stepping 1, cmov, cx8, fxsr, mmx, sse, sse2, sse3, ssse3, sse4.1, sse4.2, popcnt, avx, avx2, aes, clmul, erms, lzcnt, ht, tsc, tscinvbit, bmi1, bmi2

Memory: 4k page, physical 12263048k(3812788k free), swap 25291504k(5132k free)

vm_info: Java HotSpot(TM) 64-Bit Server VM (25.25-b02) for windows-amd64 JRE (1.8.0_25-b18), built on Oct  7 2014 14:25:37 by "java_re" with MS VC++ 10.0 (VS2010)

time: Wed Mar 11 10:04:45 2020
elapsed time: 9 seconds (0d 0h 0m 9s)

